<?xml version="1.0" encoding="UTF-8"?>
<!-- Generated by org.testng.reporters.JUnitXMLReporter -->
<testsuite hostname="lee-PC" name="Test" tests="2" failures="0" timestamp="12 Dec 2015 06:17:45 GMT" time="0.042" errors="0">
  <testcase name="@BeforeSuite setUpAppium" time="0.0" classname="Tests.ATT_HomePageTest">
    <failure type="org.openqa.selenium.SessionNotCreatedException" message="A new session could not be created. (Original error: Requested a new session but one was in progress) (WARNING: The server did not provide any stacktrace information)
Command duration or timeout: 341 milliseconds
Build info: version: &amp;apos;2.46.0&amp;apos;, revision: &amp;apos;61506a4624b13675f24581e453592342b7485d71&amp;apos;, time: &amp;apos;2015-06-04 10:22:50&amp;apos;
System info: host: &amp;apos;lee-PC&amp;apos;, ip: &amp;apos;192.168.1.212&amp;apos;, os.name: &amp;apos;Windows 7&amp;apos;, os.arch: &amp;apos;amd64&amp;apos;, os.version: &amp;apos;6.1&amp;apos;, java.version: &amp;apos;1.8.0_65&amp;apos;
Driver info: io.appium.java_client.android.AndroidDriver">
      <![CDATA[org.openqa.selenium.SessionNotCreatedException: A new session could not be created. (Original error: Requested a new session but one was in progress) (WARNING: The server did not provide any stacktrace information)
Command duration or timeout: 341 milliseconds
Build info: version: '2.46.0', revision: '61506a4624b13675f24581e453592342b7485d71', time: '2015-06-04 10:22:50'
System info: host: 'lee-PC', ip: '192.168.1.212', os.name: 'Windows 7', os.arch: 'amd64', os.version: '6.1', java.version: '1.8.0_65'
Driver info: io.appium.java_client.android.AndroidDriver
	at org.openqa.selenium.remote.ErrorHandler.createThrowable(ErrorHandler.java:204)
	at org.openqa.selenium.remote.ErrorHandler.throwIfResponseFailed(ErrorHandler.java:156)
	at org.openqa.selenium.remote.RemoteWebDriver.execute(RemoteWebDriver.java:605)
	at io.appium.java_client.DefaultGenericMobileDriver.execute(DefaultGenericMobileDriver.java:27)
	at io.appium.java_client.AppiumDriver.execute(AppiumDriver.java:1)
	at io.appium.java_client.android.AndroidDriver.execute(AndroidDriver.java:1)
	at org.openqa.selenium.remote.RemoteWebDriver.startSession(RemoteWebDriver.java:242)
	at org.openqa.selenium.remote.RemoteWebDriver.<init>(RemoteWebDriver.java:128)
	at org.openqa.selenium.remote.RemoteWebDriver.<init>(RemoteWebDriver.java:155)
	at io.appium.java_client.DefaultGenericMobileDriver.<init>(DefaultGenericMobileDriver.java:22)
	at io.appium.java_client.AppiumDriver.<init>(AppiumDriver.java:202)
	at io.appium.java_client.android.AndroidDriver.<init>(AndroidDriver.java:50)
	at Tests.AbstractBaseTests.TestBase.setUpAppium(TestBase.java:87)
... Removed 22 stack frames]]>
    </failure>
  </testcase> <!-- @BeforeSuite setUpAppium -->
  <testcase name="@BeforeTest setUpPage" time="0.0" classname="Tests.ATT_HomePageTest">
    <skipped/>
  </testcase> <!-- @BeforeTest setUpPage -->
  <testcase name="@BeforeClass navigateTo" time="0.0" classname="Tests.ATT_HomePageTest">
    <skipped/>
  </testcase> <!-- @BeforeClass navigateTo -->
  <testcase name="@AfterClass restartApp" time="0.0" classname="Tests.ATT_HomePageTest">
    <skipped/>
  </testcase> <!-- @AfterClass restartApp -->
  <testcase name="testATTHambugerMenu" time="0.001" classname="Tests.ATT_HomePageTest">
    <skipped/>
  </testcase> <!-- testATTHambugerMenu -->
  <testcase name="testATTHomePageHeadline" time="0.001" classname="Tests.ATT_HomePageTest">
    <skipped/>
  </testcase> <!-- testATTHomePageHeadline -->
</testsuite> <!-- Test -->
